
=== ATTEMPT 1 @ 2026-02-19T12:44:48+02:00 ===
=== STDOUT ===
{"ok":true,"queue":"queue1","msg_id":"019c7580-8599-72d3-8d3d-fab01c212ffa","attempt":1}
=== STDERR ===
PHP Fatal error:  Uncaught Error: Undefined constant "STDERR" in /mnt/c/Users/Den/Desktop/queue-service/configs/scripts/job.php:104
Stack trace:
#0 {main}
  thrown in /mnt/c/Users/Den/Desktop/queue-service/configs/scripts/job.php on line 104

=== ATTEMPT 2 @ 2026-02-19T12:44:55+02:00 ===
=== STDOUT ===
{"ok":true,"queue":"queue1","msg_id":"019c7580-8599-72d3-8d3d-fab01c212ffa","attempt":2}
=== STDERR ===
PHP Fatal error:  Uncaught Error: Undefined constant "STDERR" in /mnt/c/Users/Den/Desktop/queue-service/configs/scripts/job.php:104
Stack trace:
#0 {main}
  thrown in /mnt/c/Users/Den/Desktop/queue-service/configs/scripts/job.php on line 104

=== ATTEMPT 3 @ 2026-02-19T12:45:02+02:00 ===
=== STDOUT ===
{"ok":true,"queue":"queue1","msg_id":"019c7580-8599-72d3-8d3d-fab01c212ffa","attempt":3}{"ok":true,"queue":"queue1","msg_id":"019c7580-8599-72d3-8d3d-fab01c212ffa","attempt":3}{"ok":true,"queue":"queue1","msg_id":"019c7580-8599-72d3-8d3d-fab01c212ffa","attempt":3}
=== STDERR ===
PHP Fatal error:  Uncaught Error: Undefined constant "STDERR" in /mnt/c/Users/Den/Desktop/queue-service/configs/scripts/job.php:132
Stack trace:
#0 {main}
  thrown in /mnt/c/Users/Den/Desktop/queue-service/configs/scripts/job.php on line 132
