=== JOB START ===
=== META ===
array (
  'QUEUE' => 'queue2',
  'MSG_ID' => '019c4255-4a79-73f8-a347-fa3d8beec083',
  'PID' => 10916,
  'TS' => '2026-02-09_12-16-51',
)

=== GET ===
array (
)

=== POST ===
array (
)

=== BODY (raw) ===
'{"text":"check"}'

=== BODY (len) ===
16

=== BODY (json_decode) ===
array (
  'text' => 'check',
)

=== BODY (json_error) ===
'No error'

=== SERVER ===
array (
  'REQUEST_METHOD' => 'POST',
  'SCRIPT_FILENAME' => '/mnt/c/Users/Den/Desktop/queue-service/configs/scripts/job.php',
  'SCRIPT_NAME' => 'job.php',
  'QUERY_STRING' => '',
  'REMOTE_ADDR' => '::1',
  'CONTENT_TYPE' => 'application/json',
  'CONTENT_LENGTH' => '16',
  'QUEUE' => 'queue2',
  'MSG_ID' => '019c4255-4a79-73f8-a347-fa3d8beec083',
  'ATTEMPT' => '1',
  'IDEMPOTENCY_KEY' => '019c4250-3a7b-7c6a-b2a1-6a8c9c7d1234',
)

=== ENV ===
array (
  'USER' => 'www-data',
  'HOME' => '/var/www',
  'SCRIPT_NAME' => 'job.php',
  'SCRIPT_FILENAME' => '/mnt/c/Users/Den/Desktop/queue-service/configs/scripts/job.php',
  'SERVER_NAME' => 'queue-service',
  'QUEUE' => 'queue2',
  'REMOTE_ADDR' => '::1',
  'SERVER_PROTOCOL' => 'HTTP/1.1',
  'GATEWAY_INTERFACE' => 'CGI/1.1',
  'SERVER_PORT' => '80',
  'MSG_ID' => '019c4255-4a79-73f8-a347-fa3d8beec083',
  'REDIRECT_STATUS' => '200',
  'REQUEST_METHOD' => 'POST',
  'HTTP_IDEMPOTENCY_KEY' => '019c4250-3a7b-7c6a-b2a1-6a8c9c7d1234',
  'ATTEMPT' => '1',
  'DOCUMENT_ROOT' => '/mnt/c/Users/Den/Desktop/queue-service/configs/scripts',
  'CONTENT_TYPE' => 'application/json',
  'QUERY_STRING' => '',
  'REQUEST_URI' => '/queue2/job',
  'CONTENT_LENGTH' => '16',
  'FCGI_ROLE' => 'RESPONDER',
)

sleep_sec=5
=== JOB DONE ===
